<?xml version="1.0" encoding="UTF-8"?>
<!-- Generated by org.testng.reporters.JUnitReportReporter -->
<testsuite hostname="DESKTOP-E115GFV" failures="0" tests="3" name="Priority.Sample1" time="0.035" errors="0" timestamp="2025-07-31T13:45:07 IST" skipped="0">
  <testcase classname="Priority.Sample1" name="method1" time="0.024"/>
  <testcase classname="Priority.Sample1" name="method2" time="0.005"/>
  <testcase classname="Priority.Sample1" name="method3" time="0.006"/>
</testsuite> <!-- Priority.Sample1 -->
