<?xml version="1.0" encoding="UTF-8"?>
<!-- Generated by org.testng.reporters.JUnitReportReporter -->
<testsuite hostname="DESKTOP-E115GFV" failures="0" tests="1" name="TestNG.IgnoreTest" time="0.017" errors="0" timestamp="2025-08-10T07:57:38 IST" skipped="0">
  <testcase classname="TestNG.IgnoreTest" name="TestCase2" time="0.017"/>
</testsuite> <!-- TestNG.IgnoreTest -->
