<?xml version="1.0" encoding="UTF-8"?>
<!-- Generated by org.testng.reporters.JUnitReportReporter -->
<testsuite hostname="DESKTOP-E115GFV" failures="0" tests="1" name="HiddenElement.HiddenElements" time="11.730" errors="0" timestamp="2025-07-31T13:45:07 IST" skipped="0">
  <testcase classname="HiddenElement.HiddenElements" name="hiddenElements" time="11.730"/>
</testsuite> <!-- HiddenElement.HiddenElements -->
