<?xml version="1.0" encoding="UTF-8"?>
<!-- Generated by org.testng.reporters.JUnitReportReporter -->
<testsuite hostname="DESKTOP-E115GFV" failures="0" tests="3" name="TestNG.DataDrivenTesting" time="0.027" errors="0" timestamp="2025-08-03T15:51:27 IST" skipped="0">
  <testcase classname="TestNG.DataDrivenTesting" name="testLogin" time="0.003"/>
  <testcase classname="TestNG.DataDrivenTesting" name="testLogin" time="0.020"/>
  <testcase classname="TestNG.DataDrivenTesting" name="testLogin" time="0.004"/>
</testsuite> <!-- TestNG.DataDrivenTesting -->
