<?xml version="1.0" encoding="UTF-8"?>
<!-- Generated by org.testng.reporters.JUnitReportReporter -->
<testsuite hostname="DESKTOP-E115GFV" failures="0" tests="1" name="TestNG_Groups.Two" time="0.002" errors="0" timestamp="2025-07-31T13:58:18 IST" skipped="0">
  <testcase classname="TestNG_Groups.Two" name="twoB" time="0.002"/>
</testsuite> <!-- TestNG_Groups.Two -->
