<?xml version="1.0" encoding="UTF-8"?>
<!-- Generated by org.testng.reporters.JUnitReportReporter -->
<testsuite hostname="DESKTOP-E115GFV" failures="0" tests="2" name="Priority.Sample2" time="0.028" errors="0" timestamp="2025-07-31T13:45:07 IST" skipped="0">
  <testcase classname="Priority.Sample2" name="a" time="0.018"/>
  <testcase classname="Priority.Sample2" name="b" time="0.010"/>
</testsuite> <!-- Priority.Sample2 -->
