<?xml version="1.0" encoding="UTF-8"?>
<!-- Generated by org.testng.reporters.JUnitReportReporter -->
<testsuite hostname="DESKTOP-E115GFV" failures="0" tests="3" name="TestNG.InvocationCount" time="0.024" errors="0" timestamp="2025-08-10T08:15:37 IST" skipped="0">
  <testcase classname="TestNG.InvocationCount" name="test" time="0.003"/>
  <testcase classname="TestNG.InvocationCount" name="test" time="0.003"/>
  <testcase classname="TestNG.InvocationCount" name="test" time="0.018"/>
</testsuite> <!-- TestNG.InvocationCount -->
