<?xml version="1.0" encoding="UTF-8"?>
<!-- Generated by org.testng.reporters.JUnitReportReporter -->
<testsuite hostname="DESKTOP-E115GFV" failures="0" tests="1" name="TestNG.Parameterization" time="4.111" errors="0" timestamp="2025-07-31T13:46:31 IST" skipped="0">
  <testcase classname="TestNG.Parameterization" name="parameterization" time="4.111"/>
</testsuite> <!-- TestNG.Parameterization -->
